\BOOKMARK [0][-]{chapter.1}{\376\377\000S\000i\000n\000g\000u\000l\000a\000r\000\040\000V\000a\000l\000u\000e\000\040\000D\000e\000c\000o\000m\000p\000o\000s\000i\000t\000i\000o\000n\000\040\000\050\000S\000V\000D\000\051}{}% 1
\BOOKMARK [1][-]{section.1.1}{\376\377\000I\000n\000t\000r\000o\000d\000u\000c\000i\000t\000o\000n}{chapter.1}% 2
\BOOKMARK [1][-]{section.1.2}{\376\377\000S\000i\000n\000g\000u\000l\000a\000r\000\040\000V\000e\000c\000t\000o\000r\000s}{chapter.1}% 3
\BOOKMARK [1][-]{section.1.3}{\376\377\000S\000i\000n\000g\000u\000l\000a\000r\000\040\000V\000a\000l\000u\000e\000\040\000D\000e\000c\000o\000m\000p\000o\000s\000i\000t\000i\000o\000n\000\040\000\050\000S\000V\000D\000\051}{chapter.1}% 4
\BOOKMARK [1][-]{section.1.4}{\376\377\000B\000e\000s\000t\000\040\000R\000a\000n\000k\000\040\000k\000\040\000A\000p\000p\000r\000o\000x\000i\000m\000a\000t\000i\000o\000n\000s}{chapter.1}% 5
\BOOKMARK [1][-]{section.1.5}{\376\377\000C\000o\000m\000p\000u\000t\000i\000n\000g\000\040\000S\000i\000n\000g\000u\000l\000a\000r\000\040\000V\000a\000l\000u\000e\000s}{chapter.1}% 6
\BOOKMARK [1][-]{section.1.6}{\376\377\000P\000o\000w\000e\000r\000\040\000M\000e\000t\000h\000o\000d\000\040\000f\000o\000r\000\040\000C\000o\000m\000p\000u\000t\000i\000n\000g\000\040\000t\000h\000e\000\040\000S\000i\000n\000g\000u\000l\000a\000r\000\040\000V\000a\000l\000u\000e\000\040\000D\000e\000c\000o\000m\000p\000o\000s\000i\000t\000i\000o\000n}{chapter.1}% 7
\BOOKMARK [1][-]{section.1.7}{\376\377\000A\000p\000p\000l\000i\000c\000a\000t\000i\000o\000n\000\040\000o\000f\000\040\000S\000i\000n\000g\000u\000l\000a\000r\000\040\000V\000a\000l\000u\000e\000\040\000D\000e\000c\000o\000m\000p\000o\000s\000i\000t\000i\000o\000n}{chapter.1}% 8
\BOOKMARK [0][-]{chapter.2}{\376\377\000L\000e\000a\000r\000n\000i\000n\000g\000\040\000a\000n\000d\000\040\000V\000C\000-\000d\000i\000m\000e\000n\000s\000i\000o\000n}{}% 9
\BOOKMARK [1][-]{section.2.1}{\376\377\000L\000e\000a\000r\000n\000i\000n\000g}{chapter.2}% 10
\BOOKMARK [1][-]{section.2.2}{\376\377\000L\000i\000n\000e\000a\000r\000\040\000S\000e\000p\000a\000r\000a\000t\000o\000r\000s\000,\000\040\000t\000h\000e\000\040\000P\000e\000r\000c\000e\000p\000t\000i\000o\000n\000\040\000A\000l\000g\000o\000r\000i\000t\000h\000m\000,\000\040\000a\000n\000d\000\040\000M\000a\000r\000g\000i\000n\000s}{chapter.2}% 11
\BOOKMARK [1][-]{section.2.3}{\376\377\000N\000o\000n\000l\000i\000n\000e\000a\000r\000\040\000S\000e\000p\000a\000r\000a\000t\000o\000r\000s\000,\000\040\000S\000u\000p\000p\000o\000r\000t\000\040\000V\000e\000c\000t\000o\000r\000\040\000M\000a\000c\000h\000i\000n\000e\000s\000,\000\040\000a\000n\000d\000\040\000K\000e\000r\000n\000e\000l\000s}{chapter.2}% 12
\BOOKMARK [0][-]{appendix.A}{\376\377\000A\000d\000d\000i\000t\000i\000o\000n\000a\000l\000\040\000P\000r\000o\000o\000f\000s}{}% 13
\BOOKMARK [1][-]{appendix.A.1}{\376\377\000A\000\040\000c\000l\000a\000i\000m\000\040\000i\000n\000\040\000t\000h\000e\000\040\000p\000r\000o\000o\000f\000\040\000o\000f\000\040\000T\000h\000e\000o\000r\000e\000m\000\040\0001\000.\0002\000.\0001}{appendix.A}% 14
\BOOKMARK [1][-]{appendix.A.2}{\376\377\000A\000k\000\040\000h\000a\000s\000\040\000r\000a\000n\000k\000\040\000k}{appendix.A}% 15
\BOOKMARK [1][-]{appendix.A.3}{\376\377\000S\000y\000m\000m\000e\000t\000r\000i\000c\000\040\000m\000a\000t\000r\000i\000c\000e\000s\000\040\000h\000a\000v\000e\000\040\000s\000a\000m\000e\000\040\000l\000e\000f\000t\000\040\000a\000n\000d\000\040\000r\000i\000g\000h\000t\000\040\000s\000i\000n\000g\000u\000l\000a\000r\000\040\000v\000e\000c\000t\000o\000r\000s\000.}{appendix.A}% 16
\BOOKMARK [1][-]{appendix.A.4}{\376\377\000O\000u\000t\000e\000r\000\040\000p\000r\000o\000d\000u\000c\000t\000\040\000o\000n\000\040\000s\000a\000m\000e\000\040\000v\000e\000c\000t\000o\000r\000\040\000g\000i\000v\000e\000s\000\040\000r\000a\000n\000k\000\040\000o\000n\000e\000\040\000m\000a\000t\000r\000i\000x}{appendix.A}% 17
\BOOKMARK [1][-]{appendix.A.5}{\376\377\000D\000i\000v\000i\000d\000i\000n\000g\000\040\000F\000r\000o\000b\000e\000n\000i\000u\000s\000\040\000n\000o\000r\000m}{appendix.A}% 18
\BOOKMARK [1][-]{appendix.A.6}{\376\377\000W\000h\000y\000\040\000o\000p\000t\000i\000m\000i\000z\000a\000t\000i\000o\000n\000\040\000p\000r\000o\000b\000l\000e\000m\000\040\000s\000u\000b\000s\000u\000m\000e\000s\000\040\000s\000e\000t\000\040\000p\000a\000r\000t\000i\000t\000i\000o\000n\000\040\000p\000r\000o\000b\000l\000e\000m\000?}{appendix.A}% 19
\BOOKMARK [1][-]{appendix.A.7}{\376\377\000W\000h\000y\000\040\000w\000e\000\040\000d\000e\000i\000n\000e\000\040\000m\000a\000r\000g\000i\000n\000\040\000l\000i\000k\000e\000\040\000t\000h\000i\000s\000?}{appendix.A}% 20
\BOOKMARK [0][-]{appendix.B}{\376\377\000O\000t\000h\000e\000r\000\040\000T\000o\000p\000i\000c\000s}{}% 21
\BOOKMARK [1][-]{appendix.B.1}{\376\377\000S\000p\000e\000c\000t\000r\000a\000l\000\040\000D\000e\000c\000o\000m\000p\000o\000s\000i\000t\000i\000o\000n}{appendix.B}% 22
\BOOKMARK [1][-]{appendix.B.2}{\376\377\000L\000i\000n\000e\000a\000r\000\040\000P\000r\000o\000g\000r\000a\000m\000m\000i\000n\000g}{appendix.B}% 23
